<?xml version="1.0" encoding="UTF-8"?>
<!-- Generated by org.testng.reporters.JUnitReportReporter -->
<testsuite skipped="0" hostname="DESKTOP-3HB8IKU" name="DataDrivenFrameworkJson.JSONHandling" tests="1" failures="0" timestamp="30 Nov 2019 06:19:09 GMT" time="0.010" errors="0">
  <testcase name="testAut" time="0.010" classname="DataDrivenFrameworkJson.JSONHandling"/>
</testsuite> <!-- DataDrivenFrameworkJson.JSONHandling -->
